SF:d:\fosouzadev\public\vscode-dotnet\src\LibraryProject\Calculadora.cs
FN:5,System.Decimal LibraryProject.Calculadora::Somar(System.Decimal[])
FNDA:2,System.Decimal LibraryProject.Calculadora::Somar(System.Decimal[])
DA:6,2
FN:8,System.Decimal LibraryProject.Calculadora::Subtrair(System.Decimal[])
FNDA:0,System.Decimal LibraryProject.Calculadora::Subtrair(System.Decimal[])
DA:9,0
LF:2
LH:1
BRF:0
BRH:0
FNF:2
FNH:1
end_of_record
SF:d:\fosouzadev\public\vscode-dotnet\src\WebApiProject\Program.cs
FN:2,System.Void Program::<Main>$(System.String[])
FNDA:0,System.Void Program::<Main>$(System.String[])
DA:3,0
DA:6,0
DA:8,0
DA:10,0
DA:11,0
DA:13,0
DA:16,0
DA:17,0
DA:18,0
DA:19,0
DA:20,0
DA:22,0
DA:24,0
DA:26,0
DA:28,0
BRDA:16,76,0,0
BRDA:16,76,1,0
LF:15
LH:0
BRF:2
BRH:0
FNF:1
FNH:0
end_of_record
SF:d:\fosouzadev\public\vscode-dotnet\src\WebApiProject\Controllers\CalculadoraController.cs
FN:18,Microsoft.AspNetCore.Mvc.IActionResult WebApiProject.Controllers.WeatherForecastController::Calc(LibraryProject.ICalculadora,WebApiProject.Controllers.SomarDto)
FNDA:0,Microsoft.AspNetCore.Mvc.IActionResult WebApiProject.Controllers.WeatherForecastController::Calc(LibraryProject.ICalculadora,WebApiProject.Controllers.SomarDto)
DA:19,0
DA:20,0
DA:21,0
FN:11,System.Void WebApiProject.Controllers.WeatherForecastController::.ctor(Microsoft.Extensions.Logging.ILogger`1<WebApiProject.Controllers.WeatherForecastController>)
FNDA:0,System.Void WebApiProject.Controllers.WeatherForecastController::.ctor(Microsoft.Extensions.Logging.ILogger`1<WebApiProject.Controllers.WeatherForecastController>)
DA:12,0
DA:13,0
DA:14,0
DA:15,0
LF:7
LH:0
BRF:0
BRH:0
FNF:2
FNH:0
end_of_record
SF:d:\fosouzadev\public\vscode-dotnet\src\WebApiProject\Controllers\SomarDto.cs
FN:6,System.Decimal[] WebApiProject.Controllers.SomarDto::get_Valores()
FNDA:0,System.Decimal[] WebApiProject.Controllers.SomarDto::get_Valores()
DA:7,0
LF:1
LH:0
BRF:0
BRH:0
FNF:1
FNH:0
end_of_record